Flutter crash report.
Please report a bug at https://github.com/flutter/flutter/issues.

## command

flutter run -d chrome

## exception

ShaderCompilerException: ShaderCompilerException: Shader compilation of "/usr/local/share/flutter/packages/flutter/lib/src/material/shaders/stretch_effect.frag" to "build/flutter_assets/shaders/stretch_effect.frag" failed with exit code 1.
impellerc stdout:

impellerc stderr:
Could not write file to build/flutter_assets/shaders/stretch_effect.frag




```
#0      ShaderCompiler.compileShader (package:flutter_tools/src/build_system/tools/shader_compiler.dart:196:9)
<asynchronous suspension>
#1      writeBundle.<anonymous closure> (package:flutter_tools/src/bundle_builder.dart:208:25)
<asynchronous suspension>
#2      Future.wait.<anonymous closure> (dart:async/future.dart:546:21)
<asynchronous suspension>
#3      writeBundle (package:flutter_tools/src/bundle_builder.dart:171:3)
<asynchronous suspension>
#4      WebDevFS.update (package:flutter_tools/src/isolated/devfs_web.dart:336:9)
<asynchronous suspension>
#5      ResidentWebRunner._updateDevFS (package:flutter_tools/src/isolated/resident_web_runner.dart:785:35)
<asynchronous suspension>
#6      ResidentWebRunner.run.<anonymous closure> (package:flutter_tools/src/isolated/resident_web_runner.dart:326:41)
<asynchronous suspension>
#7      asyncGuard.<anonymous closure> (package:flutter_tools/src/base/async_guard.dart:108:24)
<asynchronous suspension>
```

## flutter doctor

```
[32m[✓][39m Flutter (Channel stable, 3.38.7, on macOS 12.7.6 21H1320 darwin-x64, locale en-IN) [272.8s]
    [32m•[39m Flutter version 3.38.7 on channel stable at /usr/local/share/flutter
    [32m•[39m Upstream repository https://github.com/flutter/flutter.git
    [32m•[39m Framework revision 3b62efc2a3 (7 days ago), 2026-01-13 13:47:42 -0800
    [32m•[39m Engine revision 78fc3012e4
    [32m•[39m Dart version 3.10.7
    [32m•[39m DevTools version 2.51.1
    [32m•[39m Feature flags: enable-web, enable-linux-desktop, enable-macos-desktop, enable-windows-desktop,
      enable-android, enable-ios, cli-animations, enable-native-assets, omit-legacy-version-file,
      enable-lldb-debugging

[31m[☠][39m Android toolchain - develop for Android devices (the doctor check
    crashed)
    [31m✗[39m Due to an error, the doctor check did not complete. If the error
      message below is not helpful, please let us know about this issue at
      https://github.com/flutter/flutter/issues.
    [31m✗[39m Exception: Android toolchain - develop for Android devices exceeded
      maximum allowed duration of 0:04:30.000000
    [32m•[39m 

[31m[☠][39m Xcode - develop for iOS and macOS (the
    doctor check crashed)
    [31m✗[39m Due to an error, the doctor check did
      not complete. If the error message
      below is not helpful, please let us
      know about this issue at
      https://github.com/flutter/flutter/issu
      es.
    [31m✗[39m Exception: Xcode - develop for iOS and
      macOS exceeded maximum allowed duration
      of 0:04:30.000000
    [32m•[39m 

[32m[✓][39m Chrome - develop for the web [56ms]
    [32m•[39m Chrome at /Applications/Google
      Chrome.app/Contents/MacOS/Google Chrome

[32m[✓][39m Connected device (2 available) [53.8s]
    [32m•[39m macOS (desktop) • macos  • darwin-x64
      • macOS 12.7.6 21H1320 darwin-x64
    [32m•[39m Chrome (web)    • chrome •
      web-javascript • Google Chrome
      143.0.7499.193

[32m[✓][39m Network resources [5.5s]
    [32m•[39m All expected network resources are
      available.

[33m![39m Doctor found issues in 2 categories.
```
